2015-03-10 11:20:10,320 - Log4JLogChute initialized using file 'velocity.log'
2015-03-10 11:20:10,320 - Initializing Velocity, Calling init()...
2015-03-10 11:20:10,320 - Starting Apache Velocity v1.7 (compiled: 2010-11-19 12:14:37)
2015-03-10 11:20:10,320 - Default Properties File: org\apache\velocity\runtime\defaults\velocity.properties
2015-03-10 11:20:10,320 - Trying to use logger class org.apache.velocity.runtime.log.AvalonLogChute
2015-03-10 11:20:10,320 - Target log system for org.apache.velocity.runtime.log.AvalonLogChute is not available (java.lang.NoClassDefFoundError: org/apache/log/format/Formatter).  Falling back to next log system...
2015-03-10 11:20:10,320 - Trying to use logger class org.apache.velocity.runtime.log.Log4JLogChute
2015-03-10 11:20:10,321 - Using logger class org.apache.velocity.runtime.log.Log4JLogChute
2015-03-10 11:20:10,344 - ResourceLoader instantiated: org.apache.velocity.runtime.resource.loader.FileResourceLoader
2015-03-10 11:20:10,345 - Do unicode file recognition:  false
2015-03-10 11:20:10,345 - FileResourceLoader : adding path 'C:\SVN\automation_tools\ngSuitesManage-admin\target\test-classes\'
2015-03-10 11:20:10,385 - ResourceCache: initialized (class org.apache.velocity.runtime.resource.ResourceCacheImpl) with class java.util.Collections$SynchronizedMap cache map.
2015-03-10 11:20:10,386 - Loaded System Directive: org.apache.velocity.runtime.directive.Stop
2015-03-10 11:20:10,388 - Loaded System Directive: org.apache.velocity.runtime.directive.Define
2015-03-10 11:20:10,388 - Loaded System Directive: org.apache.velocity.runtime.directive.Break
2015-03-10 11:20:10,399 - Loaded System Directive: org.apache.velocity.runtime.directive.Evaluate
2015-03-10 11:20:10,400 - Loaded System Directive: org.apache.velocity.runtime.directive.Literal
2015-03-10 11:20:10,401 - Loaded System Directive: org.apache.velocity.runtime.directive.Macro
2015-03-10 11:20:10,402 - Loaded System Directive: org.apache.velocity.runtime.directive.Parse
2015-03-10 11:20:10,403 - Loaded System Directive: org.apache.velocity.runtime.directive.Include
2015-03-10 11:20:10,404 - Loaded System Directive: org.apache.velocity.runtime.directive.Foreach
2015-03-10 11:20:10,431 - Created '20' parsers.
2015-03-10 11:20:10,436 - Velocimacro : "velocimacro.library" is not set.  Trying default library: VM_global_library.vm
2015-03-10 11:20:10,437 - Velocimacro : Default library not found.
2015-03-10 11:20:10,437 - Velocimacro : allowInline = true : VMs can be defined inline in templates
2015-03-10 11:20:10,437 - Velocimacro : allowInlineToOverride = false : VMs defined inline may NOT replace previous VM definitions
2015-03-10 11:20:10,437 - Velocimacro : allowInlineLocal = false : VMs defined inline will be global in scope if allowed.
2015-03-10 11:20:10,437 - Velocimacro : autoload off : VM system will not automatically reload global library macros
2015-03-10 11:20:10,452 - ResourceManager : found TemplateOnlyTable.html with loader org.apache.velocity.runtime.resource.loader.FileResourceLoader
2015-03-10 11:33:52,738 - Log4JLogChute initialized using file 'velocity.log'
2015-03-10 11:33:52,739 - Initializing Velocity, Calling init()...
2015-03-10 11:33:52,739 - Starting Apache Velocity v1.7 (compiled: 2010-11-19 12:14:37)
2015-03-10 11:33:52,739 - Default Properties File: org\apache\velocity\runtime\defaults\velocity.properties
2015-03-10 11:33:52,739 - Trying to use logger class org.apache.velocity.runtime.log.AvalonLogChute
2015-03-10 11:33:52,739 - Target log system for org.apache.velocity.runtime.log.AvalonLogChute is not available (java.lang.NoClassDefFoundError: org/apache/log/format/Formatter).  Falling back to next log system...
2015-03-10 11:33:52,739 - Trying to use logger class org.apache.velocity.runtime.log.Log4JLogChute
2015-03-10 11:33:52,739 - Using logger class org.apache.velocity.runtime.log.Log4JLogChute
2015-03-10 11:33:52,743 - ResourceLoader instantiated: org.apache.velocity.runtime.resource.loader.FileResourceLoader
2015-03-10 11:33:52,744 - Do unicode file recognition:  false
2015-03-10 11:33:52,744 - FileResourceLoader : adding path 'C:\SVN\automation_tools\ngSuitesManage-admin\target\test-classes\'
2015-03-10 11:33:52,754 - ResourceCache: initialized (class org.apache.velocity.runtime.resource.ResourceCacheImpl) with class java.util.Collections$SynchronizedMap cache map.
2015-03-10 11:33:52,755 - Loaded System Directive: org.apache.velocity.runtime.directive.Stop
2015-03-10 11:33:52,756 - Loaded System Directive: org.apache.velocity.runtime.directive.Define
2015-03-10 11:33:52,756 - Loaded System Directive: org.apache.velocity.runtime.directive.Break
2015-03-10 11:33:52,757 - Loaded System Directive: org.apache.velocity.runtime.directive.Evaluate
2015-03-10 11:33:52,757 - Loaded System Directive: org.apache.velocity.runtime.directive.Literal
2015-03-10 11:33:52,758 - Loaded System Directive: org.apache.velocity.runtime.directive.Macro
2015-03-10 11:33:52,759 - Loaded System Directive: org.apache.velocity.runtime.directive.Parse
2015-03-10 11:33:52,760 - Loaded System Directive: org.apache.velocity.runtime.directive.Include
2015-03-10 11:33:52,761 - Loaded System Directive: org.apache.velocity.runtime.directive.Foreach
2015-03-10 11:33:52,785 - Created '20' parsers.
2015-03-10 11:33:52,790 - Velocimacro : "velocimacro.library" is not set.  Trying default library: VM_global_library.vm
2015-03-10 11:33:52,790 - Velocimacro : Default library not found.
2015-03-10 11:33:52,790 - Velocimacro : allowInline = true : VMs can be defined inline in templates
2015-03-10 11:33:52,790 - Velocimacro : allowInlineToOverride = false : VMs defined inline may NOT replace previous VM definitions
2015-03-10 11:33:52,790 - Velocimacro : allowInlineLocal = false : VMs defined inline will be global in scope if allowed.
2015-03-10 11:33:52,790 - Velocimacro : autoload off : VM system will not automatically reload global library macros
2015-03-10 11:33:52,806 - ResourceManager : found TemplateOnlyTable.html with loader org.apache.velocity.runtime.resource.loader.FileResourceLoader
2015-03-10 11:35:06,614 - Log4JLogChute initialized using file 'velocity.log'
2015-03-10 11:35:06,614 - Initializing Velocity, Calling init()...
2015-03-10 11:35:06,614 - Starting Apache Velocity v1.7 (compiled: 2010-11-19 12:14:37)
2015-03-10 11:35:06,614 - Default Properties File: org\apache\velocity\runtime\defaults\velocity.properties
2015-03-10 11:35:06,614 - Trying to use logger class org.apache.velocity.runtime.log.AvalonLogChute
2015-03-10 11:35:06,614 - Target log system for org.apache.velocity.runtime.log.AvalonLogChute is not available (java.lang.NoClassDefFoundError: org/apache/log/format/Formatter).  Falling back to next log system...
2015-03-10 11:35:06,614 - Trying to use logger class org.apache.velocity.runtime.log.Log4JLogChute
2015-03-10 11:35:06,614 - Using logger class org.apache.velocity.runtime.log.Log4JLogChute
2015-03-10 11:35:06,618 - ResourceLoader instantiated: org.apache.velocity.runtime.resource.loader.FileResourceLoader
2015-03-10 11:35:06,619 - Do unicode file recognition:  false
2015-03-10 11:35:06,619 - FileResourceLoader : adding path 'C:\SVN\automation_tools\ngSuitesManage-admin\target\test-classes\'
2015-03-10 11:35:06,630 - ResourceCache: initialized (class org.apache.velocity.runtime.resource.ResourceCacheImpl) with class java.util.Collections$SynchronizedMap cache map.
2015-03-10 11:35:06,631 - Loaded System Directive: org.apache.velocity.runtime.directive.Stop
2015-03-10 11:35:06,632 - Loaded System Directive: org.apache.velocity.runtime.directive.Define
2015-03-10 11:35:06,632 - Loaded System Directive: org.apache.velocity.runtime.directive.Break
2015-03-10 11:35:06,633 - Loaded System Directive: org.apache.velocity.runtime.directive.Evaluate
2015-03-10 11:35:06,633 - Loaded System Directive: org.apache.velocity.runtime.directive.Literal
2015-03-10 11:35:06,634 - Loaded System Directive: org.apache.velocity.runtime.directive.Macro
2015-03-10 11:35:06,635 - Loaded System Directive: org.apache.velocity.runtime.directive.Parse
2015-03-10 11:35:06,637 - Loaded System Directive: org.apache.velocity.runtime.directive.Include
2015-03-10 11:35:06,638 - Loaded System Directive: org.apache.velocity.runtime.directive.Foreach
2015-03-10 11:35:06,662 - Created '20' parsers.
2015-03-10 11:35:06,668 - Velocimacro : "velocimacro.library" is not set.  Trying default library: VM_global_library.vm
2015-03-10 11:35:06,668 - Velocimacro : Default library not found.
2015-03-10 11:35:06,668 - Velocimacro : allowInline = true : VMs can be defined inline in templates
2015-03-10 11:35:06,668 - Velocimacro : allowInlineToOverride = false : VMs defined inline may NOT replace previous VM definitions
2015-03-10 11:35:06,668 - Velocimacro : allowInlineLocal = false : VMs defined inline will be global in scope if allowed.
2015-03-10 11:35:06,668 - Velocimacro : autoload off : VM system will not automatically reload global library macros
2015-03-10 11:35:06,684 - ResourceManager : found TemplateOnlyTable.html with loader org.apache.velocity.runtime.resource.loader.FileResourceLoader
2015-03-10 11:39:03,481 - Log4JLogChute initialized using file 'velocity.log'
2015-03-10 11:39:03,481 - Initializing Velocity, Calling init()...
2015-03-10 11:39:03,482 - Starting Apache Velocity v1.7 (compiled: 2010-11-19 12:14:37)
2015-03-10 11:39:03,482 - Default Properties File: org\apache\velocity\runtime\defaults\velocity.properties
2015-03-10 11:39:03,482 - Trying to use logger class org.apache.velocity.runtime.log.AvalonLogChute
2015-03-10 11:39:03,482 - Target log system for org.apache.velocity.runtime.log.AvalonLogChute is not available (java.lang.NoClassDefFoundError: org/apache/log/format/Formatter).  Falling back to next log system...
2015-03-10 11:39:03,482 - Trying to use logger class org.apache.velocity.runtime.log.Log4JLogChute
2015-03-10 11:39:03,482 - Using logger class org.apache.velocity.runtime.log.Log4JLogChute
2015-03-10 11:39:03,486 - ResourceLoader instantiated: org.apache.velocity.runtime.resource.loader.FileResourceLoader
2015-03-10 11:39:03,486 - Do unicode file recognition:  false
2015-03-10 11:39:03,487 - FileResourceLoader : adding path 'C:\SVN\automation_tools\ngSuitesManage-admin\target\test-classes\'
2015-03-10 11:39:03,496 - ResourceCache: initialized (class org.apache.velocity.runtime.resource.ResourceCacheImpl) with class java.util.Collections$SynchronizedMap cache map.
2015-03-10 11:39:03,497 - Loaded System Directive: org.apache.velocity.runtime.directive.Stop
2015-03-10 11:39:03,498 - Loaded System Directive: org.apache.velocity.runtime.directive.Define
2015-03-10 11:39:03,498 - Loaded System Directive: org.apache.velocity.runtime.directive.Break
2015-03-10 11:39:03,499 - Loaded System Directive: org.apache.velocity.runtime.directive.Evaluate
2015-03-10 11:39:03,499 - Loaded System Directive: org.apache.velocity.runtime.directive.Literal
2015-03-10 11:39:03,500 - Loaded System Directive: org.apache.velocity.runtime.directive.Macro
2015-03-10 11:39:03,501 - Loaded System Directive: org.apache.velocity.runtime.directive.Parse
2015-03-10 11:39:03,502 - Loaded System Directive: org.apache.velocity.runtime.directive.Include
2015-03-10 11:39:03,503 - Loaded System Directive: org.apache.velocity.runtime.directive.Foreach
2015-03-10 11:39:03,526 - Created '20' parsers.
2015-03-10 11:39:03,531 - Velocimacro : "velocimacro.library" is not set.  Trying default library: VM_global_library.vm
2015-03-10 11:39:03,532 - Velocimacro : Default library not found.
2015-03-10 11:39:03,532 - Velocimacro : allowInline = true : VMs can be defined inline in templates
2015-03-10 11:39:03,532 - Velocimacro : allowInlineToOverride = false : VMs defined inline may NOT replace previous VM definitions
2015-03-10 11:39:03,532 - Velocimacro : allowInlineLocal = false : VMs defined inline will be global in scope if allowed.
2015-03-10 11:39:03,532 - Velocimacro : autoload off : VM system will not automatically reload global library macros
2015-03-10 11:39:03,547 - ResourceManager : found TemplateOnlyTable.html with loader org.apache.velocity.runtime.resource.loader.FileResourceLoader
2015-03-10 11:39:50,638 - Log4JLogChute initialized using file 'velocity.log'
2015-03-10 11:39:50,638 - Initializing Velocity, Calling init()...
2015-03-10 11:39:50,638 - Starting Apache Velocity v1.7 (compiled: 2010-11-19 12:14:37)
2015-03-10 11:39:50,638 - Default Properties File: org\apache\velocity\runtime\defaults\velocity.properties
2015-03-10 11:39:50,638 - Trying to use logger class org.apache.velocity.runtime.log.AvalonLogChute
2015-03-10 11:39:50,638 - Target log system for org.apache.velocity.runtime.log.AvalonLogChute is not available (java.lang.NoClassDefFoundError: org/apache/log/format/Formatter).  Falling back to next log system...
2015-03-10 11:39:50,638 - Trying to use logger class org.apache.velocity.runtime.log.Log4JLogChute
2015-03-10 11:39:50,638 - Using logger class org.apache.velocity.runtime.log.Log4JLogChute
2015-03-10 11:39:50,645 - ResourceLoader instantiated: org.apache.velocity.runtime.resource.loader.FileResourceLoader
2015-03-10 11:39:50,646 - Do unicode file recognition:  false
2015-03-10 11:39:50,646 - FileResourceLoader : adding path 'C:\SVN\automation_tools\ngSuitesManage-admin\target\test-classes\'
2015-03-10 11:39:50,657 - ResourceCache: initialized (class org.apache.velocity.runtime.resource.ResourceCacheImpl) with class java.util.Collections$SynchronizedMap cache map.
2015-03-10 11:39:50,658 - Loaded System Directive: org.apache.velocity.runtime.directive.Stop
2015-03-10 11:39:50,659 - Loaded System Directive: org.apache.velocity.runtime.directive.Define
2015-03-10 11:39:50,660 - Loaded System Directive: org.apache.velocity.runtime.directive.Break
2015-03-10 11:39:50,661 - Loaded System Directive: org.apache.velocity.runtime.directive.Evaluate
2015-03-10 11:39:50,661 - Loaded System Directive: org.apache.velocity.runtime.directive.Literal
2015-03-10 11:39:50,662 - Loaded System Directive: org.apache.velocity.runtime.directive.Macro
2015-03-10 11:39:50,664 - Loaded System Directive: org.apache.velocity.runtime.directive.Parse
2015-03-10 11:39:50,665 - Loaded System Directive: org.apache.velocity.runtime.directive.Include
2015-03-10 11:39:50,666 - Loaded System Directive: org.apache.velocity.runtime.directive.Foreach
2015-03-10 11:39:50,691 - Created '20' parsers.
2015-03-10 11:39:50,697 - Velocimacro : "velocimacro.library" is not set.  Trying default library: VM_global_library.vm
2015-03-10 11:39:50,697 - Velocimacro : Default library not found.
2015-03-10 11:39:50,697 - Velocimacro : allowInline = true : VMs can be defined inline in templates
2015-03-10 11:39:50,697 - Velocimacro : allowInlineToOverride = false : VMs defined inline may NOT replace previous VM definitions
2015-03-10 11:39:50,697 - Velocimacro : allowInlineLocal = false : VMs defined inline will be global in scope if allowed.
2015-03-10 11:39:50,697 - Velocimacro : autoload off : VM system will not automatically reload global library macros
2015-03-10 11:39:50,723 - ResourceManager : found TemplateOnlyTable.html with loader org.apache.velocity.runtime.resource.loader.FileResourceLoader
2015-03-10 11:42:17,549 - Log4JLogChute initialized using file 'velocity.log'
2015-03-10 11:42:17,549 - Initializing Velocity, Calling init()...
2015-03-10 11:42:17,549 - Starting Apache Velocity v1.7 (compiled: 2010-11-19 12:14:37)
2015-03-10 11:42:17,549 - Default Properties File: org\apache\velocity\runtime\defaults\velocity.properties
2015-03-10 11:42:17,549 - Trying to use logger class org.apache.velocity.runtime.log.AvalonLogChute
2015-03-10 11:42:17,549 - Target log system for org.apache.velocity.runtime.log.AvalonLogChute is not available (java.lang.NoClassDefFoundError: org/apache/log/format/Formatter).  Falling back to next log system...
2015-03-10 11:42:17,549 - Trying to use logger class org.apache.velocity.runtime.log.Log4JLogChute
2015-03-10 11:42:17,549 - Using logger class org.apache.velocity.runtime.log.Log4JLogChute
2015-03-10 11:42:17,553 - ResourceLoader instantiated: org.apache.velocity.runtime.resource.loader.FileResourceLoader
2015-03-10 11:42:17,555 - Do unicode file recognition:  false
2015-03-10 11:42:17,555 - FileResourceLoader : adding path 'C:\SVN\automation_tools\ngSuitesManage-admin\target\test-classes\'
2015-03-10 11:42:17,564 - ResourceCache: initialized (class org.apache.velocity.runtime.resource.ResourceCacheImpl) with class java.util.Collections$SynchronizedMap cache map.
2015-03-10 11:42:17,565 - Loaded System Directive: org.apache.velocity.runtime.directive.Stop
2015-03-10 11:42:17,566 - Loaded System Directive: org.apache.velocity.runtime.directive.Define
2015-03-10 11:42:17,567 - Loaded System Directive: org.apache.velocity.runtime.directive.Break
2015-03-10 11:42:17,568 - Loaded System Directive: org.apache.velocity.runtime.directive.Evaluate
2015-03-10 11:42:17,568 - Loaded System Directive: org.apache.velocity.runtime.directive.Literal
2015-03-10 11:42:17,569 - Loaded System Directive: org.apache.velocity.runtime.directive.Macro
2015-03-10 11:42:17,570 - Loaded System Directive: org.apache.velocity.runtime.directive.Parse
2015-03-10 11:42:17,571 - Loaded System Directive: org.apache.velocity.runtime.directive.Include
2015-03-10 11:42:17,572 - Loaded System Directive: org.apache.velocity.runtime.directive.Foreach
2015-03-10 11:42:17,596 - Created '20' parsers.
2015-03-10 11:42:17,601 - Velocimacro : "velocimacro.library" is not set.  Trying default library: VM_global_library.vm
2015-03-10 11:42:17,601 - Velocimacro : Default library not found.
2015-03-10 11:42:17,601 - Velocimacro : allowInline = true : VMs can be defined inline in templates
2015-03-10 11:42:17,601 - Velocimacro : allowInlineToOverride = false : VMs defined inline may NOT replace previous VM definitions
2015-03-10 11:42:17,601 - Velocimacro : allowInlineLocal = false : VMs defined inline will be global in scope if allowed.
2015-03-10 11:42:17,601 - Velocimacro : autoload off : VM system will not automatically reload global library macros
2015-03-10 11:42:17,617 - ResourceManager : found TemplateOnlyTable.html with loader org.apache.velocity.runtime.resource.loader.FileResourceLoader
2015-03-10 11:43:16,816 - Log4JLogChute initialized using file 'velocity.log'
2015-03-10 11:43:16,816 - Initializing Velocity, Calling init()...
2015-03-10 11:43:16,816 - Starting Apache Velocity v1.7 (compiled: 2010-11-19 12:14:37)
2015-03-10 11:43:16,816 - Default Properties File: org\apache\velocity\runtime\defaults\velocity.properties
2015-03-10 11:43:16,816 - Trying to use logger class org.apache.velocity.runtime.log.AvalonLogChute
2015-03-10 11:43:16,816 - Target log system for org.apache.velocity.runtime.log.AvalonLogChute is not available (java.lang.NoClassDefFoundError: org/apache/log/format/Formatter).  Falling back to next log system...
2015-03-10 11:43:16,816 - Trying to use logger class org.apache.velocity.runtime.log.Log4JLogChute
2015-03-10 11:43:16,816 - Using logger class org.apache.velocity.runtime.log.Log4JLogChute
2015-03-10 11:43:16,821 - ResourceLoader instantiated: org.apache.velocity.runtime.resource.loader.FileResourceLoader
2015-03-10 11:43:16,821 - Do unicode file recognition:  false
2015-03-10 11:43:16,822 - FileResourceLoader : adding path 'C:\SVN\automation_tools\ngSuitesManage-admin\target\test-classes\'
2015-03-10 11:43:16,831 - ResourceCache: initialized (class org.apache.velocity.runtime.resource.ResourceCacheImpl) with class java.util.Collections$SynchronizedMap cache map.
2015-03-10 11:43:16,833 - Loaded System Directive: org.apache.velocity.runtime.directive.Stop
2015-03-10 11:43:16,834 - Loaded System Directive: org.apache.velocity.runtime.directive.Define
2015-03-10 11:43:16,834 - Loaded System Directive: org.apache.velocity.runtime.directive.Break
2015-03-10 11:43:16,835 - Loaded System Directive: org.apache.velocity.runtime.directive.Evaluate
2015-03-10 11:43:16,835 - Loaded System Directive: org.apache.velocity.runtime.directive.Literal
2015-03-10 11:43:16,836 - Loaded System Directive: org.apache.velocity.runtime.directive.Macro
2015-03-10 11:43:16,837 - Loaded System Directive: org.apache.velocity.runtime.directive.Parse
2015-03-10 11:43:16,839 - Loaded System Directive: org.apache.velocity.runtime.directive.Include
2015-03-10 11:43:16,839 - Loaded System Directive: org.apache.velocity.runtime.directive.Foreach
2015-03-10 11:43:16,863 - Created '20' parsers.
2015-03-10 11:43:16,869 - Velocimacro : "velocimacro.library" is not set.  Trying default library: VM_global_library.vm
2015-03-10 11:43:16,869 - Velocimacro : Default library not found.
2015-03-10 11:43:16,869 - Velocimacro : allowInline = true : VMs can be defined inline in templates
2015-03-10 11:43:16,869 - Velocimacro : allowInlineToOverride = false : VMs defined inline may NOT replace previous VM definitions
2015-03-10 11:43:16,869 - Velocimacro : allowInlineLocal = false : VMs defined inline will be global in scope if allowed.
2015-03-10 11:43:16,869 - Velocimacro : autoload off : VM system will not automatically reload global library macros
2015-03-10 11:43:16,885 - ResourceManager : found TemplateOnlyTable.html with loader org.apache.velocity.runtime.resource.loader.FileResourceLoader
2015-03-10 11:51:27,526 - Log4JLogChute initialized using file 'velocity.log'
2015-03-10 11:51:27,526 - Initializing Velocity, Calling init()...
2015-03-10 11:51:27,526 - Starting Apache Velocity v1.7 (compiled: 2010-11-19 12:14:37)
2015-03-10 11:51:27,526 - Default Properties File: org\apache\velocity\runtime\defaults\velocity.properties
2015-03-10 11:51:27,526 - Trying to use logger class org.apache.velocity.runtime.log.AvalonLogChute
2015-03-10 11:51:27,526 - Target log system for org.apache.velocity.runtime.log.AvalonLogChute is not available (java.lang.NoClassDefFoundError: org/apache/log/format/Formatter).  Falling back to next log system...
2015-03-10 11:51:27,526 - Trying to use logger class org.apache.velocity.runtime.log.Log4JLogChute
2015-03-10 11:51:27,526 - Using logger class org.apache.velocity.runtime.log.Log4JLogChute
2015-03-10 11:51:27,536 - ResourceLoader instantiated: org.apache.velocity.runtime.resource.loader.FileResourceLoader
2015-03-10 11:51:27,537 - Do unicode file recognition:  false
2015-03-10 11:51:27,537 - FileResourceLoader : adding path 'C:\SVN\automation_tools\ngSuitesManage-admin\target\test-classes\'
2015-03-10 11:51:27,549 - ResourceCache: initialized (class org.apache.velocity.runtime.resource.ResourceCacheImpl) with class java.util.Collections$SynchronizedMap cache map.
2015-03-10 11:51:27,550 - Loaded System Directive: org.apache.velocity.runtime.directive.Stop
2015-03-10 11:51:27,551 - Loaded System Directive: org.apache.velocity.runtime.directive.Define
2015-03-10 11:51:27,552 - Loaded System Directive: org.apache.velocity.runtime.directive.Break
2015-03-10 11:51:27,553 - Loaded System Directive: org.apache.velocity.runtime.directive.Evaluate
2015-03-10 11:51:27,553 - Loaded System Directive: org.apache.velocity.runtime.directive.Literal
2015-03-10 11:51:27,554 - Loaded System Directive: org.apache.velocity.runtime.directive.Macro
2015-03-10 11:51:27,555 - Loaded System Directive: org.apache.velocity.runtime.directive.Parse
2015-03-10 11:51:27,557 - Loaded System Directive: org.apache.velocity.runtime.directive.Include
2015-03-10 11:51:27,557 - Loaded System Directive: org.apache.velocity.runtime.directive.Foreach
2015-03-10 11:51:27,582 - Created '20' parsers.
2015-03-10 11:51:27,588 - Velocimacro : "velocimacro.library" is not set.  Trying default library: VM_global_library.vm
2015-03-10 11:51:27,588 - Velocimacro : Default library not found.
2015-03-10 11:51:27,588 - Velocimacro : allowInline = true : VMs can be defined inline in templates
2015-03-10 11:51:27,588 - Velocimacro : allowInlineToOverride = false : VMs defined inline may NOT replace previous VM definitions
2015-03-10 11:51:27,588 - Velocimacro : allowInlineLocal = false : VMs defined inline will be global in scope if allowed.
2015-03-10 11:51:27,588 - Velocimacro : autoload off : VM system will not automatically reload global library macros
2015-03-10 11:51:27,615 - ResourceManager : found TemplateOnlyTable.html with loader org.apache.velocity.runtime.resource.loader.FileResourceLoader
2015-03-10 11:56:10,673 - Log4JLogChute initialized using file 'velocity.log'
2015-03-10 11:56:10,673 - Initializing Velocity, Calling init()...
2015-03-10 11:56:10,673 - Starting Apache Velocity v1.7 (compiled: 2010-11-19 12:14:37)
2015-03-10 11:56:10,673 - Default Properties File: org\apache\velocity\runtime\defaults\velocity.properties
2015-03-10 11:56:10,673 - Trying to use logger class org.apache.velocity.runtime.log.AvalonLogChute
2015-03-10 11:56:10,674 - Target log system for org.apache.velocity.runtime.log.AvalonLogChute is not available (java.lang.NoClassDefFoundError: org/apache/log/format/Formatter).  Falling back to next log system...
2015-03-10 11:56:10,674 - Trying to use logger class org.apache.velocity.runtime.log.Log4JLogChute
2015-03-10 11:56:10,674 - Using logger class org.apache.velocity.runtime.log.Log4JLogChute
2015-03-10 11:56:10,678 - ResourceLoader instantiated: org.apache.velocity.runtime.resource.loader.FileResourceLoader
2015-03-10 11:56:10,679 - Do unicode file recognition:  false
2015-03-10 11:56:10,679 - FileResourceLoader : adding path 'C:\SVN\automation_tools\ngSuitesManage-admin\target\classes\'
2015-03-10 11:56:10,689 - ResourceCache: initialized (class org.apache.velocity.runtime.resource.ResourceCacheImpl) with class java.util.Collections$SynchronizedMap cache map.
2015-03-10 11:56:10,690 - Loaded System Directive: org.apache.velocity.runtime.directive.Stop
2015-03-10 11:56:10,691 - Loaded System Directive: org.apache.velocity.runtime.directive.Define
2015-03-10 11:56:10,691 - Loaded System Directive: org.apache.velocity.runtime.directive.Break
2015-03-10 11:56:10,692 - Loaded System Directive: org.apache.velocity.runtime.directive.Evaluate
2015-03-10 11:56:10,692 - Loaded System Directive: org.apache.velocity.runtime.directive.Literal
2015-03-10 11:56:10,693 - Loaded System Directive: org.apache.velocity.runtime.directive.Macro
2015-03-10 11:56:10,694 - Loaded System Directive: org.apache.velocity.runtime.directive.Parse
2015-03-10 11:56:10,695 - Loaded System Directive: org.apache.velocity.runtime.directive.Include
2015-03-10 11:56:10,696 - Loaded System Directive: org.apache.velocity.runtime.directive.Foreach
2015-03-10 11:56:10,721 - Created '20' parsers.
2015-03-10 11:56:10,726 - Velocimacro : "velocimacro.library" is not set.  Trying default library: VM_global_library.vm
2015-03-10 11:56:10,726 - Velocimacro : Default library not found.
2015-03-10 11:56:10,726 - Velocimacro : allowInline = true : VMs can be defined inline in templates
2015-03-10 11:56:10,726 - Velocimacro : allowInlineToOverride = false : VMs defined inline may NOT replace previous VM definitions
2015-03-10 11:56:10,726 - Velocimacro : allowInlineLocal = false : VMs defined inline will be global in scope if allowed.
2015-03-10 11:56:10,726 - Velocimacro : autoload off : VM system will not automatically reload global library macros
2015-03-10 11:56:10,744 - ResourceManager : found TemplateOnlyTable.html with loader org.apache.velocity.runtime.resource.loader.FileResourceLoader
2015-03-10 12:09:44,502 - Log4JLogChute initialized using file 'velocity.log'
2015-03-10 12:09:44,502 - Initializing Velocity, Calling init()...
2015-03-10 12:09:44,502 - Starting Apache Velocity v1.7 (compiled: 2010-11-19 12:14:37)
2015-03-10 12:09:44,502 - Default Properties File: org\apache\velocity\runtime\defaults\velocity.properties
2015-03-10 12:09:44,502 - Trying to use logger class org.apache.velocity.runtime.log.AvalonLogChute
2015-03-10 12:09:44,502 - Target log system for org.apache.velocity.runtime.log.AvalonLogChute is not available (java.lang.NoClassDefFoundError: org/apache/log/format/Formatter).  Falling back to next log system...
2015-03-10 12:09:44,502 - Trying to use logger class org.apache.velocity.runtime.log.Log4JLogChute
2015-03-10 12:09:44,502 - Using logger class org.apache.velocity.runtime.log.Log4JLogChute
2015-03-10 12:09:44,507 - ResourceLoader instantiated: org.apache.velocity.runtime.resource.loader.FileResourceLoader
2015-03-10 12:09:44,508 - Do unicode file recognition:  false
2015-03-10 12:09:44,508 - FileResourceLoader : adding path 'C:\SVN\automation_tools\ngSuitesManage-admin\target\classes\'
2015-03-10 12:09:44,518 - ResourceCache: initialized (class org.apache.velocity.runtime.resource.ResourceCacheImpl) with class java.util.Collections$SynchronizedMap cache map.
2015-03-10 12:09:44,520 - Loaded System Directive: org.apache.velocity.runtime.directive.Stop
2015-03-10 12:09:44,521 - Loaded System Directive: org.apache.velocity.runtime.directive.Define
2015-03-10 12:09:44,521 - Loaded System Directive: org.apache.velocity.runtime.directive.Break
2015-03-10 12:09:44,522 - Loaded System Directive: org.apache.velocity.runtime.directive.Evaluate
2015-03-10 12:09:44,523 - Loaded System Directive: org.apache.velocity.runtime.directive.Literal
2015-03-10 12:09:44,524 - Loaded System Directive: org.apache.velocity.runtime.directive.Macro
2015-03-10 12:09:44,525 - Loaded System Directive: org.apache.velocity.runtime.directive.Parse
2015-03-10 12:09:44,526 - Loaded System Directive: org.apache.velocity.runtime.directive.Include
2015-03-10 12:09:44,527 - Loaded System Directive: org.apache.velocity.runtime.directive.Foreach
2015-03-10 12:09:44,552 - Created '20' parsers.
2015-03-10 12:09:44,558 - Velocimacro : "velocimacro.library" is not set.  Trying default library: VM_global_library.vm
2015-03-10 12:09:44,558 - Velocimacro : Default library not found.
2015-03-10 12:09:44,559 - Velocimacro : allowInline = true : VMs can be defined inline in templates
2015-03-10 12:09:44,559 - Velocimacro : allowInlineToOverride = false : VMs defined inline may NOT replace previous VM definitions
2015-03-10 12:09:44,559 - Velocimacro : allowInlineLocal = false : VMs defined inline will be global in scope if allowed.
2015-03-10 12:09:44,559 - Velocimacro : autoload off : VM system will not automatically reload global library macros
2015-03-10 12:09:44,576 - ResourceManager : found TemplateOnlyTable.html with loader org.apache.velocity.runtime.resource.loader.FileResourceLoader
2015-03-10 12:13:26,546 - Log4JLogChute initialized using file 'velocity.log'
2015-03-10 12:13:26,547 - Initializing Velocity, Calling init()...
2015-03-10 12:13:26,547 - Starting Apache Velocity v1.7 (compiled: 2010-11-19 12:14:37)
2015-03-10 12:13:26,547 - Default Properties File: org\apache\velocity\runtime\defaults\velocity.properties
2015-03-10 12:13:26,547 - Trying to use logger class org.apache.velocity.runtime.log.AvalonLogChute
2015-03-10 12:13:26,547 - Target log system for org.apache.velocity.runtime.log.AvalonLogChute is not available (java.lang.NoClassDefFoundError: org/apache/log/format/Formatter).  Falling back to next log system...
2015-03-10 12:13:26,547 - Trying to use logger class org.apache.velocity.runtime.log.Log4JLogChute
2015-03-10 12:13:26,547 - Using logger class org.apache.velocity.runtime.log.Log4JLogChute
2015-03-10 12:13:26,551 - ResourceLoader instantiated: org.apache.velocity.runtime.resource.loader.FileResourceLoader
2015-03-10 12:13:26,552 - Do unicode file recognition:  false
2015-03-10 12:13:26,552 - FileResourceLoader : adding path 'C:\SVN\automation_tools\ngSuitesManage-admin\target\classes\'
2015-03-10 12:13:26,563 - ResourceCache: initialized (class org.apache.velocity.runtime.resource.ResourceCacheImpl) with class java.util.Collections$SynchronizedMap cache map.
2015-03-10 12:13:26,564 - Loaded System Directive: org.apache.velocity.runtime.directive.Stop
2015-03-10 12:13:26,565 - Loaded System Directive: org.apache.velocity.runtime.directive.Define
2015-03-10 12:13:26,565 - Loaded System Directive: org.apache.velocity.runtime.directive.Break
2015-03-10 12:13:26,566 - Loaded System Directive: org.apache.velocity.runtime.directive.Evaluate
2015-03-10 12:13:26,566 - Loaded System Directive: org.apache.velocity.runtime.directive.Literal
2015-03-10 12:13:26,567 - Loaded System Directive: org.apache.velocity.runtime.directive.Macro
2015-03-10 12:13:26,569 - Loaded System Directive: org.apache.velocity.runtime.directive.Parse
2015-03-10 12:13:26,570 - Loaded System Directive: org.apache.velocity.runtime.directive.Include
2015-03-10 12:13:26,570 - Loaded System Directive: org.apache.velocity.runtime.directive.Foreach
2015-03-10 12:13:26,597 - Created '20' parsers.
2015-03-10 12:13:26,603 - Velocimacro : "velocimacro.library" is not set.  Trying default library: VM_global_library.vm
2015-03-10 12:13:26,603 - Velocimacro : Default library not found.
2015-03-10 12:13:26,603 - Velocimacro : allowInline = true : VMs can be defined inline in templates
2015-03-10 12:13:26,603 - Velocimacro : allowInlineToOverride = false : VMs defined inline may NOT replace previous VM definitions
2015-03-10 12:13:26,603 - Velocimacro : allowInlineLocal = false : VMs defined inline will be global in scope if allowed.
2015-03-10 12:13:26,603 - Velocimacro : autoload off : VM system will not automatically reload global library macros
2015-03-10 12:13:26,619 - ResourceManager : found TemplateOnlyTable.html with loader org.apache.velocity.runtime.resource.loader.FileResourceLoader
2015-03-10 13:49:35,116 - Log4JLogChute initialized using file 'velocity.log'
2015-03-10 13:49:35,122 - Initializing Velocity, Calling init()...
2015-03-10 13:49:35,122 - Starting Apache Velocity v1.7 (compiled: 2010-11-19 12:14:37)
2015-03-10 13:49:35,122 - Default Properties File: org\apache\velocity\runtime\defaults\velocity.properties
2015-03-10 13:49:35,122 - Trying to use logger class org.apache.velocity.runtime.log.AvalonLogChute
2015-03-10 13:49:35,122 - Target log system for org.apache.velocity.runtime.log.AvalonLogChute is not available (java.lang.NoClassDefFoundError: org/apache/log/format/Formatter).  Falling back to next log system...
2015-03-10 13:49:35,122 - Trying to use logger class org.apache.velocity.runtime.log.Log4JLogChute
2015-03-10 13:49:35,122 - Using logger class org.apache.velocity.runtime.log.Log4JLogChute
2015-03-10 13:49:35,126 - ResourceLoader instantiated: org.apache.velocity.runtime.resource.loader.FileResourceLoader
2015-03-10 13:49:35,127 - Do unicode file recognition:  false
2015-03-10 13:49:35,127 - FileResourceLoader : adding path 'C:\SVN\automation_tools\ngSuitesManage-admin\target\classes\'
2015-03-10 13:49:35,136 - ResourceCache: initialized (class org.apache.velocity.runtime.resource.ResourceCacheImpl) with class java.util.Collections$SynchronizedMap cache map.
2015-03-10 13:49:35,138 - Loaded System Directive: org.apache.velocity.runtime.directive.Stop
2015-03-10 13:49:35,138 - Loaded System Directive: org.apache.velocity.runtime.directive.Define
2015-03-10 13:49:35,139 - Loaded System Directive: org.apache.velocity.runtime.directive.Break
2015-03-10 13:49:35,139 - Loaded System Directive: org.apache.velocity.runtime.directive.Evaluate
2015-03-10 13:49:35,140 - Loaded System Directive: org.apache.velocity.runtime.directive.Literal
2015-03-10 13:49:35,141 - Loaded System Directive: org.apache.velocity.runtime.directive.Macro
2015-03-10 13:49:35,142 - Loaded System Directive: org.apache.velocity.runtime.directive.Parse
2015-03-10 13:49:35,143 - Loaded System Directive: org.apache.velocity.runtime.directive.Include
2015-03-10 13:49:35,144 - Loaded System Directive: org.apache.velocity.runtime.directive.Foreach
2015-03-10 13:49:35,167 - Created '20' parsers.
2015-03-10 13:49:35,172 - Velocimacro : "velocimacro.library" is not set.  Trying default library: VM_global_library.vm
2015-03-10 13:49:35,172 - Velocimacro : Default library not found.
2015-03-10 13:49:35,172 - Velocimacro : allowInline = true : VMs can be defined inline in templates
2015-03-10 13:49:35,172 - Velocimacro : allowInlineToOverride = false : VMs defined inline may NOT replace previous VM definitions
2015-03-10 13:49:35,172 - Velocimacro : allowInlineLocal = false : VMs defined inline will be global in scope if allowed.
2015-03-10 13:49:35,172 - Velocimacro : autoload off : VM system will not automatically reload global library macros
2015-03-10 13:49:35,188 - ResourceManager : found TemplateOnlyTable.html with loader org.apache.velocity.runtime.resource.loader.FileResourceLoader
