RUN	com.who.auto.records.ChatStress		chatstress	1492108524982	 	2.0
USER	Login	1	START	1492108526487	1492108526487
USER	Login	2	START	1492108527219	1492108527219
USER	Login	3	START	1492108527319	1492108527319
USER	Login	4	START	1492108527419	1492108527419
USER	Login	5	START	1492108527530	1492108527530
USER	Login	6	START	1492108527631	1492108527631
USER	Login	7	START	1492108527725	1492108527725
USER	Login	8	START	1492108527825	1492108527825
USER	Login	9	START	1492108527925	1492108527925
USER	Login	10	START	1492108528025	1492108528025
REQUEST	Login	1		HTTP_Get_Token	1492108526520	1492108529385	OK	 
REQUEST	Login	3		HTTP_Get_Token	1492108527320	1492108529564	OK	 
REQUEST	Login	5		HTTP_Get_Token	1492108527531	1492108529730	OK	 
REQUEST	Login	6		HTTP_Get_Token	1492108527632	1492108529868	OK	 
REQUEST	Login	7		HTTP_Get_Token	1492108527725	1492108529925	OK	 
REQUEST	Login	8		HTTP_Get_Token	1492108527825	1492108530020	OK	 
REQUEST	Login	9		HTTP_Get_Token	1492108527925	1492108530111	OK	 
REQUEST	Login	10		HTTP_Get_Token	1492108528025	1492108530244	OK	 
REQUEST	Login	4		HTTP_Get_Token	1492108527420	1492108530553	OK	 
REQUEST	Login	2		HTTP_Get_Token	1492108527220	1492108532411	OK	 
REQUEST	Login	6		Connect WS	1492108531875	1492108533565	OK	 
REQUEST	Login	3		Connect WS	1492108531578	1492108534148	OK	 
REQUEST	Login	7		Connect WS	1492108531939	1492108534204	OK	 
REQUEST	Login	5		Connect WS	1492108531749	1492108534375	OK	 
REQUEST	Login	6		WS Chat Test	1492108534596	1492108534596	OK	 
REQUEST	Login	1		Connect WS	1492108531413	1492108534777	OK	 
REQUEST	Login	4		Connect WS	1492108532570	1492108534784	OK	 
REQUEST	Login	3		WS Chat Test	1492108535147	1492108535147	OK	 
REQUEST	Login	7		WS Chat Test	1492108535210	1492108535210	OK	 
REQUEST	Login	9		Connect WS	1492108532129	1492108535308	OK	 
REQUEST	Login	10		Connect WS	1492108532255	1492108535367	OK	 
REQUEST	Login	5		WS Chat Test	1492108535377	1492108535377	OK	 
REQUEST	Login	1		WS Chat Test	1492108535766	1492108535766	OK	 
REQUEST	Login	4		WS Chat Test	1492108535787	1492108535787	OK	 
REQUEST	Login	2		Connect WS	1492108534435	1492108535975	OK	 
REQUEST	Login	9		WS Chat Test	1492108536309	1492108536309	OK	 
REQUEST	Login	10		WS Chat Test	1492108536377	1492108536377	OK	 
REQUEST	Login	8		Connect WS	1492108532039	1492108536621	OK	 
REQUEST	Login	2		WS Chat Test	1492108536966	1492108536966	OK	 
REQUEST	Login	8		WS Chat Test	1492108537626	1492108537626	OK	 
REQUEST	Login	6		WS Chat Test Check	1492108534597	1492108544607	KO	Check failed: Timeout
REQUEST	Login	3		WS Chat Test Check	1492108535147	1492108545165	KO	Check failed: Timeout
REQUEST	Login	7		WS Chat Test Check	1492108535210	1492108545218	KO	Check failed: Timeout
REQUEST	Login	5		WS Chat Test Check	1492108535377	1492108545397	KO	Check failed: Timeout
REQUEST	Login	6		Close WS	1492108545613	1492108545614	OK	 
USER	Login	6	END	1492108527631	1492108545617
REQUEST	Login	1		WS Chat Test Check	1492108535766	1492108545787	KO	Check failed: Timeout
REQUEST	Login	4		WS Chat Test Check	1492108535787	1492108545808	KO	Check failed: Timeout
REQUEST	Login	3		Close WS	1492108546177	1492108546177	OK	 
USER	Login	3	END	1492108527319	1492108546177
REQUEST	Login	7		Close WS	1492108546230	1492108546230	OK	 
USER	Login	7	END	1492108527725	1492108546230
REQUEST	Login	9		WS Chat Test Check	1492108536309	1492108546331	KO	Check failed: Timeout
REQUEST	Login	10		WS Chat Test Check	1492108536377	1492108546398	KO	Check failed: Timeout
REQUEST	Login	5		Close WS	1492108546400	1492108546400	OK	 
USER	Login	5	END	1492108527530	1492108546400
REQUEST	Login	1		Close WS	1492108546798	1492108546798	OK	 
USER	Login	1	END	1492108526487	1492108546798
REQUEST	Login	4		Close WS	1492108546819	1492108546819	OK	 
USER	Login	4	END	1492108527419	1492108546819
REQUEST	Login	2		WS Chat Test Check	1492108536966	1492108546987	KO	Check failed: Timeout
REQUEST	Login	9		Close WS	1492108547325	1492108547325	OK	 
USER	Login	9	END	1492108527925	1492108547325
REQUEST	Login	10		Close WS	1492108547410	1492108547410	OK	 
USER	Login	10	END	1492108528025	1492108547410
REQUEST	Login	8		WS Chat Test Check	1492108537626	1492108547647	KO	Check failed: Timeout
REQUEST	Login	2		Close WS	1492108547999	1492108547999	OK	 
USER	Login	2	END	1492108527219	1492108547999
REQUEST	Login	8		Close WS	1492108548645	1492108548645	OK	 
USER	Login	8	END	1492108527825	1492108548646
